<?xml version="1.0" encoding="UTF-8"?>
<!-- Generated by org.testng.reporters.JUnitReportReporter -->
<testsuite skipped="0" hostname="Alexandrs-MacBook-Air.local" name="com.syntax.class01.TaskWithAnnotations" tests="2" failures="0" timestamp="2020-08-29T19:42:09 EEST" time="0.015" errors="0">
  <testcase name="test1" time="0.013" classname="com.syntax.class01.TaskWithAnnotations"/>
  <system-out/>
  <testcase name="test2" time="0.002" classname="com.syntax.class01.TaskWithAnnotations"/>
  <system-out/>
</testsuite> <!-- com.syntax.class01.TaskWithAnnotations -->
