<?xml version="1.0" encoding="UTF-8"?>
<!-- Generated by org.testng.reporters.JUnitReportReporter -->
<testsuite skipped="0" hostname="Alexandrs-MacBook-Air.local" name="com.syntax.class01.TestCasesHRMS" tests="2" failures="0" timestamp="2020-08-29T21:27:41 EEST" time="17.850" errors="0">
  <testcase name="validLogin" time="10.499" classname="com.syntax.class01.TestCasesHRMS"/>
  <system-out/>
  <testcase name="invalidLogin" time="7.351" classname="com.syntax.class01.TestCasesHRMS"/>
  <system-out/>
</testsuite> <!-- com.syntax.class01.TestCasesHRMS -->
