<?xml version="1.0" encoding="UTF-8"?>
<!-- Generated by org.testng.reporters.JUnitReportReporter -->
<testsuite skipped="0" hostname="Alexandrs-MacBook-Air.local" name="com.syntax.class03.LoginPageTest" tests="3" failures="0" timestamp="2020-09-04T04:29:51 EEST" time="51.596" errors="0">
  <testcase name="multipleLogin" time="16.724" classname="com.syntax.class03.LoginPageTest"/>
  <system-out/>
  <testcase name="multipleLogin" time="10.133" classname="com.syntax.class03.LoginPageTest"/>
  <system-out/>
  <testcase name="multipleLogin" time="24.739" classname="com.syntax.class03.LoginPageTest"/>
  <system-out/>
</testsuite> <!-- com.syntax.class03.LoginPageTest -->
