<?xml version="1.0" encoding="UTF-8"?>
<!-- Generated by org.testng.reporters.JUnitReportReporter -->
<testsuite skipped="0" hostname="Alexandrs-MacBook-Air.local" name="com.syntax.class01.TaskTestNG" tests="3" failures="0" timestamp="2020-08-29T19:05:57 EEST" time="0.018" errors="0">
  <testcase name="sayHello" time="0.002" classname="com.syntax.class01.TaskTestNG"/>
  <system-out/>
  <testcase name="sayGoodMorning" time="0.014" classname="com.syntax.class01.TaskTestNG"/>
  <system-out/>
  <testcase name="sayHaveAGoodDay" time="0.002" classname="com.syntax.class01.TaskTestNG"/>
  <system-out/>
</testsuite> <!-- com.syntax.class01.TaskTestNG -->
