<?xml version="1.0" encoding="UTF-8"?>
<!-- Generated by org.testng.reporters.JUnitReportReporter -->
<testsuite skipped="0" hostname="Alexandrs-MacBook-Air.local" name="com.syntax.class01.TaskWithAnnotations" tests="1" failures="0" timestamp="2020-11-26T00:58:08 EET" time="0.003" errors="0">
  <testcase name="test2" time="0.003" classname="com.syntax.class01.TaskWithAnnotations"/>
  <system-out/>
</testsuite> <!-- com.syntax.class01.TaskWithAnnotations -->
