<?xml version="1.0" encoding="UTF-8"?>
<!-- Generated by org.testng.reporters.JUnitReportReporter -->
<testsuite skipped="0" hostname="Alexandrs-MacBook-Air.local" name="com.syntax.class03.LoginWithDataProvider" tests="5" failures="0" timestamp="2020-09-05T18:40:13 EEST" time="52.048" errors="0">
  <testcase name="multiLogin" time="10.855" classname="com.syntax.class03.LoginWithDataProvider"/>
  <system-out/>
  <testcase name="multiLogin" time="9.684" classname="com.syntax.class03.LoginWithDataProvider"/>
  <system-out/>
  <testcase name="multiLogin" time="12.615" classname="com.syntax.class03.LoginWithDataProvider"/>
  <system-out/>
  <testcase name="multiLogin" time="8.782" classname="com.syntax.class03.LoginWithDataProvider"/>
  <system-out/>
  <testcase name="multiLogin" time="10.112" classname="com.syntax.class03.LoginWithDataProvider"/>
  <system-out/>
</testsuite> <!-- com.syntax.class03.LoginWithDataProvider -->
