<?xml version="1.0" encoding="UTF-8"?>
<!-- Generated by org.testng.reporters.JUnitReportReporter -->
<testsuite skipped="0" hostname="Alexandrs-MacBook-Air.local" name="com.syntax.class01.TaskTestNG" tests="1" failures="0" timestamp="2020-11-26T00:58:08 EET" time="0.019" errors="0">
  <testcase name="sayHaveAGoodDay" time="0.019" classname="com.syntax.class01.TaskTestNG"/>
  <system-out/>
</testsuite> <!-- com.syntax.class01.TaskTestNG -->
