<?xml version="1.0" encoding="UTF-8"?>
<!-- Generated by org.testng.reporters.JUnitReportReporter -->
<testsuite skipped="0" hostname="Alexandrs-MacBook-Air.local" name="com.syntax.class01.DifferentAnnotations" tests="3" failures="0" timestamp="2020-08-29T19:30:43 EEST" time="0.015" errors="0">
  <testcase name="testMethodTwo" time="0.002" classname="com.syntax.class01.DifferentAnnotations"/>
  <system-out/>
  <testcase name="testMethod" time="0.011" classname="com.syntax.class01.DifferentAnnotations"/>
  <system-out/>
  <testcase name="testMethodThree" time="0.002" classname="com.syntax.class01.DifferentAnnotations"/>
  <system-out/>
</testsuite> <!-- com.syntax.class01.DifferentAnnotations -->
