<?xml version="1.0" encoding="UTF-8"?>
<!-- Generated by org.testng.reporters.JUnitReportReporter -->
<testsuite skipped="0" hostname="Alexandrs-MacBook-Air.local" name="com.syntax.class01.HrmsTestCases" tests="2" failures="0" timestamp="2020-08-29T20:14:53 EEST" time="20.331" errors="0">
  <testcase name="titleValidation" time="11.416" classname="com.syntax.class01.HrmsTestCases"/>
  <system-out/>
  <testcase name="validLogin" time="8.915" classname="com.syntax.class01.HrmsTestCases"/>
  <system-out/>
</testsuite> <!-- com.syntax.class01.HrmsTestCases -->
