<?xml version="1.0" encoding="UTF-8"?>
<!-- Generated by org.testng.reporters.JUnitReportReporter -->
<testsuite skipped="0" hostname="Alexandrs-MacBook-Air.local" name="com.syntax.class02.AllAnotations" tests="2" failures="0" timestamp="2020-08-30T21:29:26 EEST" time="0.015" errors="0">
  <testcase name="testMethod" time="0.006" classname="com.syntax.class02.AllAnotations"/>
  <system-out/>
  <testcase name="testMethod" time="0.009" classname="com.syntax.class02.AllAnotations"/>
  <system-out/>
</testsuite> <!-- com.syntax.class02.AllAnotations -->
